#
# There is insufficient memory for the Java Runtime Environment to continue.
# Native memory allocation (malloc) failed to allocate 1048576 bytes for AllocateHeap
# Possible reasons:
#   The system is out of physical RAM or swap space
#   In 32 bit mode, the process size limit was hit
# Possible solutions:
#   Reduce memory load on the system
#   Increase physical memory or swap space
#   Check if swap backing store is full
#   Use 64 bit Java on a 64 bit OS
#   Decrease Java heap size (-Xmx/-Xms)
#   Decrease number of Java threads
#   Decrease Java thread stack sizes (-Xss)
#   Set larger code cache with -XX:ReservedCodeCacheSize=
# This output file may be truncated or incomplete.
#
#  Out of Memory Error (memory/allocation.inline.hpp:61), pid=5532, tid=42924
#
# JRE version:  (8.0_91-b14) (build )
# Java VM: Java HotSpot(TM) 64-Bit Server VM (25.91-b14 mixed mode windows-amd64 compressed oops)
# Failed to write core dump. Minidumps are not enabled by default on client versions of Windows
#

---------------  T H R E A D  ---------------

Current thread (0x000000000500e000):  JavaThread "Unknown thread" [_thread_in_vm, id=42924, stack(0x0000000004e40000,0x0000000004f40000)]

Stack: [0x0000000004e40000,0x0000000004f40000]
[error occurred during error reporting (printing stack bounds), id 0xc0000005]

Native frames: (J=compiled Java code, j=interpreted, Vv=VM code, C=native code)


---------------  P R O C E S S  ---------------

Java Threads: ( => current thread )

Other Threads:

=>0x000000000500e000 (exited) JavaThread "Unknown thread" [_thread_in_vm, id=42924, stack(0x0000000004e40000,0x0000000004f40000)]

VM state:not at safepoint (normal execution)

VM Mutex/Monitor currently owned by a thread: None

Heap:
 PSYoungGen      total 76288K, used 1310K [0x000000076b200000, 0x0000000770700000, 0x00000007c0000000)
  eden space 65536K, 2% used [0x000000076b200000,0x000000076b347af0,0x000000076f200000)
  from space 10752K, 0% used [0x000000076fc80000,0x000000076fc80000,0x0000000770700000)
  to   space 10752K, 0% used [0x000000076f200000,0x000000076f200000,0x000000076fc80000)
 ParOldGen       total 175104K, used 0K [0x00000006c1600000, 0x00000006cc100000, 0x000000076b200000)
  object space 175104K, 0% used [0x00000006c1600000,0x00000006c1600000,0x00000006cc100000)
 Metaspace       used 746K, capacity 4480K, committed 4480K, reserved 1056768K
  class space    used 75K, capacity 384K, committed 384K, reserved 1048576K

Card table byte_map: [0x00000000144d0000,0x0000000014cd0000] byte_map_base: 0x0000000010ec5000

Marking Bits: (ParMarkBitMap*) 0x0000000064c42f70
 Begin Bits: [0x0000000015a20000, 0x00000000199c8000)
 End Bits:   [0x00000000199c8000, 0x000000001d970000)

Polling page: 0x00000000035b0000

CodeCache: size=245760Kb used=328Kb max_used=328Kb free=245431Kb
 bounds [0x0000000005110000, 0x0000000005380000, 0x0000000014110000]
 total_blobs=58 nmethods=0 adapters=38
 compilation: enabled

Compilation events (0 events):
No events

GC Heap History (0 events):
No events

Deoptimization events (0 events):
No events

Internal exceptions (0 events):
No events

Events (10 events):
Event: 0.024 loading class java/lang/Short
Event: 0.025 loading class java/lang/Short done
Event: 0.025 loading class java/lang/Integer
Event: 0.025 loading class java/lang/Integer done
Event: 0.025 loading class java/lang/Long
Event: 0.025 loading class java/lang/Long done
Event: 0.025 loading class java/lang/NullPointerException
Event: 0.025 loading class java/lang/NullPointerException done
Event: 0.025 loading class java/lang/ArithmeticException
Event: 0.025 loading class java/lang/ArithmeticException done


Dynamic libraries:
0x00007ff6f73b0000 - 0x00007ff6f73e7000 	C:\Program Files\Java\jre1.8.0_91\bin\javaw.exe
0x00007ffe6d870000 - 0x00007ffe6da50000 	C:\WINDOWS\SYSTEM32\ntdll.dll
0x00007ffe6b300000 - 0x00007ffe6b3ae000 	C:\WINDOWS\System32\KERNEL32.DLL
0x00007ffe6aad0000 - 0x00007ffe6ad36000 	C:\WINDOWS\System32\KERNELBASE.dll
0x00007ffe6d6f0000 - 0x00007ffe6d791000 	C:\WINDOWS\System32\ADVAPI32.dll
0x00007ffe6d160000 - 0x00007ffe6d1fd000 	C:\WINDOWS\System32\msvcrt.dll
0x00007ffe6ae70000 - 0x00007ffe6aecb000 	C:\WINDOWS\System32\sechost.dll
0x00007ffe6b420000 - 0x00007ffe6b53f000 	C:\WINDOWS\System32\RPCRT4.dll
0x00007ffe6aed0000 - 0x00007ffe6b05f000 	C:\WINDOWS\System32\USER32.dll
0x00007ffe6a730000 - 0x00007ffe6a750000 	C:\WINDOWS\System32\win32u.dll
0x00007ffe6d6c0000 - 0x00007ffe6d6e8000 	C:\WINDOWS\System32\GDI32.dll
0x00007ffe6a590000 - 0x00007ffe6a723000 	C:\WINDOWS\System32\gdi32full.dll
0x00007ffe6aa30000 - 0x00007ffe6aacb000 	C:\WINDOWS\System32\msvcp_win.dll
0x00007ffe6a750000 - 0x00007ffe6a846000 	C:\WINDOWS\System32\ucrtbase.dll
0x00007ffe5de40000 - 0x00007ffe5e0a9000 	C:\WINDOWS\WinSxS\amd64_microsoft.windows.common-controls_6595b64144ccf1df_6.0.16299.371_none_15c7d1789365a290\COMCTL32.dll
0x00007ffe6d3a0000 - 0x00007ffe6d6a8000 	C:\WINDOWS\System32\combase.dll
0x00007ffe6a9b0000 - 0x00007ffe6aa22000 	C:\WINDOWS\System32\bcryptPrimitives.dll
0x00007ffe6d7b0000 - 0x00007ffe6d7dd000 	C:\WINDOWS\System32\IMM32.DLL
0x00000000641a0000 - 0x0000000064272000 	C:\Program Files\Java\jre1.8.0_91\bin\msvcr100.dll
0x0000000064430000 - 0x0000000064cc3000 	C:\Program Files\Java\jre1.8.0_91\bin\server\jvm.dll
0x00007ffe6d6b0000 - 0x00007ffe6d6b8000 	C:\WINDOWS\System32\PSAPI.DLL
0x00007ffe66a60000 - 0x00007ffe66a83000 	C:\WINDOWS\SYSTEM32\WINMM.dll
0x00007ffe590f0000 - 0x00007ffe590f9000 	C:\WINDOWS\SYSTEM32\WSOCK32.dll
0x00007ffe61110000 - 0x00007ffe6111a000 	C:\WINDOWS\SYSTEM32\VERSION.dll
0x00007ffe6b3b0000 - 0x00007ffe6b41c000 	C:\WINDOWS\System32\WS2_32.dll
0x00007ffe66a00000 - 0x00007ffe66a2a000 	C:\WINDOWS\SYSTEM32\WINMMBASE.dll
0x00007ffe6a850000 - 0x00007ffe6a89a000 	C:\WINDOWS\System32\cfgmgr32.dll
0x0000000064dc0000 - 0x0000000064dcf000 	C:\Program Files\Java\jre1.8.0_91\bin\verify.dll
0x0000000064300000 - 0x0000000064329000 	C:\Program Files\Java\jre1.8.0_91\bin\java.dll
0x0000000064da0000 - 0x0000000064db6000 	C:\Program Files\Java\jre1.8.0_91\bin\zip.dll

VM Arguments:
jvm_args: -Dfile.encoding=Cp1252 
java_command: aurora.controller.LoginLauncher
java_class_path (initial): C:\Program Files\Java\jre1.8.0_91\lib\resources.jar;C:\Program Files\Java\jre1.8.0_91\lib\rt.jar;C:\Program Files\Java\jre1.8.0_91\lib\jsse.jar;C:\Program Files\Java\jre1.8.0_91\lib\jce.jar;C:\Program Files\Java\jre1.8.0_91\lib\charsets.jar;C:\Program Files\Java\jre1.8.0_91\lib\jfr.jar;C:\Program Files\Java\jre1.8.0_91\lib\ext\access-bridge-64.jar;C:\Program Files\Java\jre1.8.0_91\lib\ext\BIO.jar;C:\Program Files\Java\jre1.8.0_91\lib\ext\cldrdata.jar;C:\Program Files\Java\jre1.8.0_91\lib\ext\dnsns.jar;C:\Program Files\Java\jre1.8.0_91\lib\ext\jaccess.jar;C:\Program Files\Java\jre1.8.0_91\lib\ext\jfxrt.jar;C:\Program Files\Java\jre1.8.0_91\lib\ext\localedata.jar;C:\Program Files\Java\jre1.8.0_91\lib\ext\nashorn.jar;C:\Program Files\Java\jre1.8.0_91\lib\ext\sunec.jar;C:\Program Files\Java\jre1.8.0_91\lib\ext\sunjce_provider.jar;C:\Program Files\Java\jre1.8.0_91\lib\ext\sunmscapi.jar;C:\Program Files\Java\jre1.8.0_91\lib\ext\sunpkcs11.jar;C:\Program Files\Java\jre1.8.0_91\lib\ext\zipfs.jar;C:\Users\jakha\Desktop\Project_Files_4\Aurora\bin;C:\Users\jakha\Desktop\Project_Files_4\Aurora\externals\sqlite-jdbc-3.21.0.jar;C:\Users\jakha\Desktop\Project_Files_4\Aurora\jgoodies-forms-1.8.0.jar;C:\Users\jakha\Desktop\Project_Files_4\Aurora\resources
Launcher Type: SUN_STANDARD

Environment Variables:
PATH=C:/Program Files/Java/jre1.8.0_91/bin/server;C:/Program Files/Java/jre1.8.0_91/bin;C:/Program Files/Java/jre1.8.0_91/lib/amd64;C:\Program Files (x86)\Razer Chroma SDK\bin;C:\Program Files\Razer Chroma SDK\bin;C:\ProgramData\Oracle\Java\javapath;C:\Windows\system32;C:\Windows;C:\Windows\System32\Wbem;C:\Windows\System32\WindowsPowerShell\v1.0\;C:\WINDOWS\system32;C:\WINDOWS;C:\WINDOWS\System32\Wbem;C:\WINDOWS\System32\WindowsPowerShell\v1.0\;C:\Program Files\Common Files\Autodesk Shared\;C:\Program Files (x86)\Autodesk\Backburner\;C:\Users\jakha\AppData\Local\Microsoft\WindowsApps;C:\Program Files (x86)\Nmap;C:\adb;C:\Program Files (x86)\NVIDIA Corporation\PhysX\Common;C:\Program Files\PuTTY\;C:\Program Files (x86)\Skype\Phone\;C:\OpenSG\bin\rel;C:\OpenSG\bin\debug;C:\OpenSG.Support\bin;%SystemRoot%\system32;%SystemRoot%;%SystemRoot%\System32\Wbem;%SYSTEMROOT%\System32\WindowsPowerShell\v1.0\;C:\Users\jakha\AppData\Local\Programs\Python\Python36-32\Scripts\;C:\Users\jakha\AppData\Local\Programs\Python\Python36-32\;C:\Users\jakha\AppData\Local\Microsoft\WindowsApps;C:\Program Files (x86)\Nmap;C:\Users\jakha\AppData\Local\GitHubDesktop\bin;C:\Users\jakha\AppData\Local\atom\bin;C:\Program Files\CMake\bin;%USERPROFILE%\AppData\Local\Microsoft\WindowsApps;C:\Users\jakha\AppData\Local\Programs\MiKTeX 2.9\miktex\bin\x64\;C:\WINDOWS\System32;
USERNAME=jakha
OS=Windows_NT
PROCESSOR_IDENTIFIER=Intel64 Family 6 Model 60 Stepping 3, GenuineIntel



---------------  S Y S T E M  ---------------

OS: Windows 10.0 , 64 bit Build 16299 (10.0.16299.15)

CPU:total 8 (4 cores per cpu, 2 threads per core) family 6 model 60 stepping 3, cmov, cx8, fxsr, mmx, sse, sse2, sse3, ssse3, sse4.1, sse4.2, popcnt, avx, avx2, aes, clmul, erms, lzcnt, ht, tsc, tscinvbit, bmi1, bmi2

Memory: 4k page, physical 16686088k(7073300k free), swap 34458028k(5612k free)

vm_info: Java HotSpot(TM) 64-Bit Server VM (25.91-b14) for windows-amd64 JRE (1.8.0_91-b14), built on Apr  1 2016 00:58:32 by "java_re" with MS VC++ 10.0 (VS2010)

time: Tue Apr 17 02:23:43 2018
elapsed time: 0 seconds (0d 0h 0m 0s)

